<?xml version="1.0" encoding="UTF-8"?>
<testng-results ignored="0" total="1" passed="1" failed="0" skipped="0">
  <reporter-output>
  </reporter-output>
  <suite started-at="2019-11-17T14:03:09Z" name="Suite" finished-at="2019-11-17T14:03:15Z" duration-ms="5834">
    <groups>
    </groups>
    <test started-at="2019-11-17T14:03:09Z" name="Test" finished-at="2019-11-17T14:03:15Z" duration-ms="5834">
      <class name="php.verifysite">
        <test-method is-config="true" signature="openapp()[pri:0, instance:php.verifysite@63475ace]" started-at="2019-11-17T14:03:09Z" name="openapp" finished-at="2019-11-17T14:03:14Z" duration-ms="5112" status="PASS">
          <reporter-output>
          </reporter-output>
        </test-method> <!-- openapp -->
        <test-method signature="verifytext()[pri:0, instance:php.verifysite@63475ace]" started-at="2019-11-17T14:03:14Z" name="verifytext" finished-at="2019-11-17T14:03:15Z" duration-ms="549" status="PASS">
          <reporter-output>
          </reporter-output>
        </test-method> <!-- verifytext -->
        <test-method is-config="true" signature="closeBrowser()[pri:0, instance:php.verifysite@63475ace]" started-at="2019-11-17T14:03:15Z" name="closeBrowser" finished-at="2019-11-17T14:03:15Z" duration-ms="144" status="PASS">
          <reporter-output>
          </reporter-output>
        </test-method> <!-- closeBrowser -->
      </class> <!-- php.verifysite -->
    </test> <!-- Test -->
  </suite> <!-- Suite -->
</testng-results>
